May 27 08:45:40 ubuntu.local ticky: INFO: Created ticket [#1234] (jack)
May 27 07:45:40 ubuntu.local ticky: INFO: Closed ticket [#1234] (jack)
May 27 09:45:40 ubuntu.local ticky: INFO: Commented on ticket [#1234] (oren)
May 27 09:55:40 ubuntu.local ticky: INFO: Created ticket [#1434] (trey)
May 27 04:15:40 ubuntu.local ticky: INFO: Commented on ticket [#1434] (trey)
May 27 11:25:40 ubuntu.local ticky: INFO: Created ticket [#1234] (trey)
May 27 11:19:40 ubuntu.local ticky: INFO: Created ticket [#7234] (jack)
May 27 01:56:40 ubuntu.local ticky: INFO: Created ticket [#5234] (trey)
May 27 10:45:40 ubuntu.local ticky: INFO: Commented on ticket [#1234] (oren)
May 27 12:45:40 ubuntu.local ticky: INFO: Created ticket [#1244] (oren)
May 27 08:45:40 ubuntu.local ticky: ERROR: Permission denied while closing ticket (jack)
May 27 07:45:40 ubuntu.local ticky: ERROR: Tried to add info to closed ticket (jack)
May 27 09:45:40 ubuntu.local ticky: ERROR: Timeout while retrieving info (jane)
May 27 09:55:40 ubuntu.local ticky: ERROR: Tried to add info to closed ticket (trey)
May 27 04:15:40 ubuntu.local ticky: ERROR: Timeout while retrieving info (jane)
May 27 11:25:40 ubuntu.local ticky: ERROR: Tried to add info to closed ticket (trey)
May 27 11:19:40 ubuntu.local ticky: ERROR: Timeout while retrieving info (jack)
May 27 01:56:40 ubuntu.local ticky: ERROR: Ticket doesn't exist (trey)
May 27 10:45:40 ubuntu.local ticky: ERROR: Timeout while retrieving info (oren)
May 27 12:45:40 ubuntu.local ticky: ERROR: Ticket was modified while updating (oren)
